<?xml version="1.0" encoding="UTF-8"?>
<testsuite xmlns:xsi="http://www.w3.org/2001/XMLSchema-instance" xsi:noNamespaceSchemaLocation="https://maven.apache.org/surefire/maven-surefire-plugin/xsd/surefire-test-report.xsd" name="com.testdouble.bankocr.EntryTest" time="0.008" tests="9" errors="0" skipped="0" failures="0">
  <properties>
    <property name="java.specification.version" value="13"/>
    <property name="sun.jnu.encoding" value="UTF-8"/>
    <property name="java.class.path" value="/Users/gdayton/Documents/bankocr/target/test-classes:/Users/gdayton/Documents/bankocr/target/classes:/Users/gdayton/.m2/repository/junit/junit/4.11/junit-4.11.jar:/Users/gdayton/.m2/repository/org/hamcrest/hamcrest-core/1.3/hamcrest-core-1.3.jar:/Users/gdayton/.m2/repository/org/mockito/mockito-core/2.23.4/mockito-core-2.23.4.jar:/Users/gdayton/.m2/repository/net/bytebuddy/byte-buddy/1.9.3/byte-buddy-1.9.3.jar:/Users/gdayton/.m2/repository/net/bytebuddy/byte-buddy-agent/1.9.3/byte-buddy-agent-1.9.3.jar:/Users/gdayton/.m2/repository/org/objenesis/objenesis/2.6/objenesis-2.6.jar:"/>
    <property name="java.vm.vendor" value="Oracle Corporation"/>
    <property name="sun.arch.data.model" value="64"/>
    <property name="java.vendor.url" value="https://openjdk.java.net/"/>
    <property name="os.name" value="Mac OS X"/>
    <property name="java.vm.specification.version" value="13"/>
    <property name="sun.java.launcher" value="SUN_STANDARD"/>
    <property name="user.country" value="US"/>
    <property name="sun.boot.library.path" value="/usr/local/Cellar/openjdk/13.0.2+8_2/libexec/openjdk.jdk/Contents/Home/lib"/>
    <property name="sun.java.command" value="/Users/gdayton/Documents/bankocr/target/surefire/surefirebooter17169427314637225851.jar /Users/gdayton/Documents/bankocr/target/surefire 2020-03-25T23-39-58_267-jvmRun1 surefire6113694105568145688tmp surefire_04710842006381807393tmp"/>
    <property name="http.nonProxyHosts" value="local|*.local|169.254/16|*.169.254/16"/>
    <property name="jdk.debug" value="release"/>
    <property name="surefire.test.class.path" value="/Users/gdayton/Documents/bankocr/target/test-classes:/Users/gdayton/Documents/bankocr/target/classes:/Users/gdayton/.m2/repository/junit/junit/4.11/junit-4.11.jar:/Users/gdayton/.m2/repository/org/hamcrest/hamcrest-core/1.3/hamcrest-core-1.3.jar:/Users/gdayton/.m2/repository/org/mockito/mockito-core/2.23.4/mockito-core-2.23.4.jar:/Users/gdayton/.m2/repository/net/bytebuddy/byte-buddy/1.9.3/byte-buddy-1.9.3.jar:/Users/gdayton/.m2/repository/net/bytebuddy/byte-buddy-agent/1.9.3/byte-buddy-agent-1.9.3.jar:/Users/gdayton/.m2/repository/org/objenesis/objenesis/2.6/objenesis-2.6.jar:"/>
    <property name="sun.cpu.endian" value="little"/>
    <property name="user.home" value="/Users/gdayton"/>
    <property name="user.language" value="en"/>
    <property name="java.specification.vendor" value="Oracle Corporation"/>
    <property name="java.version.date" value="2020-01-14"/>
    <property name="java.home" value="/usr/local/Cellar/openjdk/13.0.2+8_2/libexec/openjdk.jdk/Contents/Home"/>
    <property name="file.separator" value="/"/>
    <property name="basedir" value="/Users/gdayton/Documents/bankocr"/>
    <property name="java.vm.compressedOopsMode" value="Zero based"/>
    <property name="line.separator" value="&#10;"/>
    <property name="java.specification.name" value="Java Platform API Specification"/>
    <property name="java.vm.specification.vendor" value="Oracle Corporation"/>
    <property name="surefire.real.class.path" value="/Users/gdayton/Documents/bankocr/target/surefire/surefirebooter17169427314637225851.jar"/>
    <property name="sun.management.compiler" value="HotSpot 64-Bit Tiered Compilers"/>
    <property name="ftp.nonProxyHosts" value="local|*.local|169.254/16|*.169.254/16"/>
    <property name="java.runtime.version" value="13.0.2+8"/>
    <property name="user.name" value="gdayton"/>
    <property name="path.separator" value=":"/>
    <property name="os.version" value="10.15.3"/>
    <property name="java.runtime.name" value="OpenJDK Runtime Environment"/>
    <property name="file.encoding" value="UTF-8"/>
    <property name="java.vm.name" value="OpenJDK 64-Bit Server VM"/>
    <property name="localRepository" value="/Users/gdayton/.m2/repository"/>
    <property name="java.vendor.url.bug" value="https://bugreport.java.com/bugreport/"/>
    <property name="java.io.tmpdir" value="/var/folders/3d/nxd8b86n119gx3h0yfm5z8z00000gn/T/"/>
    <property name="java.version" value="13.0.2"/>
    <property name="user.dir" value="/Users/gdayton/Documents/bankocr"/>
    <property name="os.arch" value="x86_64"/>
    <property name="java.vm.specification.name" value="Java Virtual Machine Specification"/>
    <property name="java.library.path" value="/Users/gdayton/Library/Java/Extensions:/Library/Java/Extensions:/Network/Library/Java/Extensions:/System/Library/Java/Extensions:/usr/lib/java:."/>
    <property name="java.vm.info" value="mixed mode, sharing"/>
    <property name="java.vendor" value="N/A"/>
    <property name="java.vm.version" value="13.0.2+8"/>
    <property name="sun.io.unicode.encoding" value="UnicodeBig"/>
    <property name="socksNonProxyHosts" value="local|*.local|169.254/16|*.169.254/16"/>
    <property name="java.class.version" value="57.0"/>
  </properties>
  <testcase name="parseInputNominal_ValidParam_ShouldReturnListOfDigits" classname="com.testdouble.bankocr.EntryTest" time="0.001"/>
  <testcase name="parseInputNotSize4ValidParam_NotSize4Valid_ShouldReturnNull" classname="com.testdouble.bankocr.EntryTest" time="0.001"/>
  <testcase name="validEntryIsValid_ValidEntry_ShouldReturnTrue" classname="com.testdouble.bankocr.EntryTest" time="0"/>
  <testcase name="defaultConstructorIsValid_Default_ShouldReturnFalse" classname="com.testdouble.bankocr.EntryTest" time="0.001"/>
  <testcase name="invalidEntryToString_InvalidEntry_ShouldReturnInvalidString" classname="com.testdouble.bankocr.EntryTest" time="0.001"/>
  <testcase name="invalidEntryIsValid_InvalidEntry_ShouldReturnFalse" classname="com.testdouble.bankocr.EntryTest" time="0.001"/>
  <testcase name="validEntryToString_ValidEntry_ShouldReturnValidString" classname="com.testdouble.bankocr.EntryTest" time="0.001"/>
  <testcase name="parseInputEmptyValidParam_EmptyValid_ShouldReturnNull" classname="com.testdouble.bankocr.EntryTest" time="0"/>
  <testcase name="defaultConstructorToString_Default_ShouldReturnBlankString" classname="com.testdouble.bankocr.EntryTest" time="0"/>
</testsuite>